<?xml version="1.0" encoding="UTF-8"?>
<!-- Generated by org.testng.reporters.JUnitXMLReporter -->
<testsuite ignored="0" hostname="DELL-C0HKRC2" failures="0" tests="5" name="Test" time="71.133" errors="0" timestamp="2022-10-12T09:17:38 ART">
  <testcase classname="pruebas.Laboratorio8" name="login" time="11.581"/>
  <testcase classname="pruebas.Laboratorio8" name="login" time="20.619"/>
  <testcase classname="pruebas.Laboratorio8" name="login" time="13.171"/>
  <testcase classname="pruebas.Laboratorio8" name="login" time="13.066"/>
  <testcase classname="pruebas.Laboratorio8" name="login" time="10.534"/>
</testsuite> <!-- Test -->
