<?xml version="1.0" encoding="UTF-8"?>
<testng-results ignored="0" total="1" passed="1" failed="0" skipped="0">
  <reporter-output>
  </reporter-output>
  <suite started-at="2022-10-14T08:35:28 ART" name="Default suite" finished-at="2022-10-14T08:35:31 ART" duration-ms="2630">
    <groups>
    </groups>
    <test started-at="2022-10-14T08:35:28 ART" name="Default test" finished-at="2022-10-14T08:35:31 ART" duration-ms="2630">
      <class name="Edit.EducacionIT14Sep2022.AccesoABaseDeDatos">
        <test-method signature="testBaseDeDatos()[pri:0, instance:Edit.EducacionIT14Sep2022.AccesoABaseDeDatos@59662a0b]" started-at="2022-10-14T08:35:29 ART" name="testBaseDeDatos" finished-at="2022-10-14T08:35:31 ART" duration-ms="2368" status="PASS">
          <reporter-output>
          </reporter-output>
        </test-method> <!-- testBaseDeDatos -->
      </class> <!-- Edit.EducacionIT14Sep2022.AccesoABaseDeDatos -->
    </test> <!-- Default test -->
  </suite> <!-- Default suite -->
</testng-results>
